[1.762s] Invoking command in '/home/bhaskar/colcon_ws/src/ur5_control': PYTHONPATH=/home/bhaskar/colcon_ws/src/build/ur5_control/prefix_override:/usr/lib/python3/dist-packages/colcon_core/task/python/colcon_distutils_commands:/home/bhaskar/colcon_ws/src/install/ur5_control/lib/python3.10/site-packages:${PYTHONPATH} /usr/bin/python3 -W ignore:setup.py install is deprecated setup.py egg_info --egg-base ../build/ur5_control build --build-base /home/bhaskar/colcon_ws/src/build/ur5_control/build install --record /home/bhaskar/colcon_ws/src/build/ur5_control/install.log --single-version-externally-managed install_data
[1.895s] running egg_info
[1.895s] creating ../build/ur5_control/ur5_control.egg-info
[1.895s] writing ../build/ur5_control/ur5_control.egg-info/PKG-INFO
[1.895s] writing dependency_links to ../build/ur5_control/ur5_control.egg-info/dependency_links.txt
[1.895s] writing entry points to ../build/ur5_control/ur5_control.egg-info/entry_points.txt
[1.896s] writing requirements to ../build/ur5_control/ur5_control.egg-info/requires.txt
[1.896s] writing top-level names to ../build/ur5_control/ur5_control.egg-info/top_level.txt
[1.896s] writing manifest file '../build/ur5_control/ur5_control.egg-info/SOURCES.txt'
[1.896s] reading manifest file '../build/ur5_control/ur5_control.egg-info/SOURCES.txt'
[1.897s] writing manifest file '../build/ur5_control/ur5_control.egg-info/SOURCES.txt'
[1.897s] running build
[1.897s] running build_py
[1.897s] creating /home/bhaskar/colcon_ws/src/build/ur5_control/build
[1.897s] creating /home/bhaskar/colcon_ws/src/build/ur5_control/build/lib
[1.897s] creating /home/bhaskar/colcon_ws/src/build/ur5_control/build/lib/ur5_control
[1.897s] copying ur5_control/task1b_boiler_plate.py -> /home/bhaskar/colcon_ws/src/build/ur5_control/build/lib/ur5_control
[1.898s] copying ur5_control/__init__.py -> /home/bhaskar/colcon_ws/src/build/ur5_control/build/lib/ur5_control
[1.898s] running install
[1.898s] running install_lib
[1.898s] creating /home/bhaskar/colcon_ws/src/install/ur5_control/lib/python3.10/site-packages/ur5_control
[1.898s] copying /home/bhaskar/colcon_ws/src/build/ur5_control/build/lib/ur5_control/task1b_boiler_plate.py -> /home/bhaskar/colcon_ws/src/install/ur5_control/lib/python3.10/site-packages/ur5_control
[1.899s] copying /home/bhaskar/colcon_ws/src/build/ur5_control/build/lib/ur5_control/__init__.py -> /home/bhaskar/colcon_ws/src/install/ur5_control/lib/python3.10/site-packages/ur5_control
[1.899s] byte-compiling /home/bhaskar/colcon_ws/src/install/ur5_control/lib/python3.10/site-packages/ur5_control/task1b_boiler_plate.py to task1b_boiler_plate.cpython-310.pyc
[1.899s] byte-compiling /home/bhaskar/colcon_ws/src/install/ur5_control/lib/python3.10/site-packages/ur5_control/__init__.py to __init__.cpython-310.pyc
[1.900s] running install_data
[1.900s] creating /home/bhaskar/colcon_ws/src/install/ur5_control/share/ament_index
[1.900s] creating /home/bhaskar/colcon_ws/src/install/ur5_control/share/ament_index/resource_index
[1.900s] creating /home/bhaskar/colcon_ws/src/install/ur5_control/share/ament_index/resource_index/packages
[1.900s] copying resource/ur5_control -> /home/bhaskar/colcon_ws/src/install/ur5_control/share/ament_index/resource_index/packages
[1.900s] copying package.xml -> /home/bhaskar/colcon_ws/src/install/ur5_control/share/ur5_control
[1.900s] creating /home/bhaskar/colcon_ws/src/install/ur5_control/lib/ur5_control
[1.900s] copying ur5_control/__init__.py -> /home/bhaskar/colcon_ws/src/install/ur5_control/lib/ur5_control
[1.900s] running install_egg_info
[1.901s] Copying ../build/ur5_control/ur5_control.egg-info to /home/bhaskar/colcon_ws/src/install/ur5_control/lib/python3.10/site-packages/ur5_control-0.0.0-py3.10.egg-info
[1.901s] running install_scripts
[1.914s] Installing task1b script to /home/bhaskar/colcon_ws/src/install/ur5_control/lib/ur5_control
[1.915s] writing list of installed files to '/home/bhaskar/colcon_ws/src/build/ur5_control/install.log'
[1.930s] Invoked command in '/home/bhaskar/colcon_ws/src/ur5_control' returned '0': PYTHONPATH=/home/bhaskar/colcon_ws/src/build/ur5_control/prefix_override:/usr/lib/python3/dist-packages/colcon_core/task/python/colcon_distutils_commands:/home/bhaskar/colcon_ws/src/install/ur5_control/lib/python3.10/site-packages:${PYTHONPATH} /usr/bin/python3 -W ignore:setup.py install is deprecated setup.py egg_info --egg-base ../build/ur5_control build --build-base /home/bhaskar/colcon_ws/src/build/ur5_control/build install --record /home/bhaskar/colcon_ws/src/build/ur5_control/install.log --single-version-externally-managed install_data
